{"timestamp":"2025-09-29 05:51:56.000","level":"INFO","userId":"68d507dabb4db6f059c0e867","action":"LOGIN","message":"User logged in: admin@gmail.com","email":"admin@gmail.com","ip":"::1"}
{"timestamp":"2025-09-29 05:57:24.000","level":"INFO","userId":"anonymous","action":"CREATED","message":"Customer message: CREATED","messageId":"68da1fc46620cfffa51267de","name":"דוד כהן","email":"david.@g.com","subject":"תלומה חמורה"}
{"timestamp":"2025-09-29 05:58:51.000","level":"INFO","userId":"68d507dabb4db6f059c0e867","action":"LOGIN","message":"User logged in: admin@gmail.com","email":"admin@gmail.com","ip":"::1"}
{"timestamp":"2025-09-29 07:17:18.000","level":"INFO","userId":"68da1eb06620cfffa512676f","action":"LOGIN","message":"User logged in: user@gmail.com","email":"user@gmail.com","ip":"::1"}
{"timestamp":"2025-09-29 07:17:30.000","level":"INFO","userId":"68da1eb06620cfffa512676f","action":"LOGOUT","message":"User logged out: user@gmail.com","email":"user@gmail.com"}
{"timestamp":"2025-09-29 08:32:43.000","level":"INFO","userId":"68d507dabb4db6f059c0e867","action":"LOGIN","message":"User logged in: admin@gmail.com","email":"admin@gmail.com","ip":"::1"}
{"timestamp":"2025-09-29 08:43:51.000","level":"INFO","userId":"68d507dabb4db6f059c0e867","action":"LOGIN","message":"User logged in: admin@gmail.com","email":"admin@gmail.com","ip":"::1"}
{"timestamp":"2025-09-29 09:01:35.000","level":"INFO","userId":"68d507dabb4db6f059c0e867","action":"LOGIN","message":"User logged in: admin@gmail.com","email":"admin@gmail.com","ip":"::1"}
{"timestamp":"2025-09-29 09:04:32.000","level":"INFO","userId":"68da1eb06620cfffa512676f","action":"LOGIN","message":"User logged in: user@gmail.com","email":"user@gmail.com","ip":"::1"}
{"timestamp":"2025-09-29 09:16:10.000","level":"INFO","userId":"68d507dabb4db6f059c0e867","action":"LOGIN","message":"User logged in: admin@gmail.com","email":"admin@gmail.com","ip":"::1"}
{"timestamp":"2025-09-29 09:19:28.000","level":"INFO","userId":"68d507dabb4db6f059c0e867","action":"LOGOUT","message":"User logged out: admin@gmail.com","email":"admin@gmail.com"}
{"timestamp":"2025-09-29 09:19:33.000","level":"INFO","userId":"68da1eb06620cfffa512676f","action":"LOGIN","message":"User logged in: user@gmail.com","email":"user@gmail.com","ip":"::1"}
{"timestamp":"2025-09-29 09:21:15.000","level":"INFO","userId":"68da1eb06620cfffa512676f","action":"LOGOUT","message":"User logged out: user@gmail.com","email":"user@gmail.com"}
{"timestamp":"2025-09-29 09:22:03.000","level":"INFO","userId":"68da1eb06620cfffa512676f","action":"LOGIN","message":"User logged in: user@gmail.com","email":"user@gmail.com","ip":"::1"}
{"timestamp":"2025-09-29 09:23:58.000","level":"INFO","userId":"68da1eb06620cfffa512676f","action":"LOGOUT","message":"User logged out: user@gmail.com","email":"user@gmail.com"}
{"timestamp":"2025-09-29 09:24:02.000","level":"INFO","userId":"68d507dabb4db6f059c0e867","action":"LOGIN","message":"User logged in: admin@gmail.com","email":"admin@gmail.com","ip":"::1"}
{"timestamp":"2025-09-29 09:41:34.000","level":"INFO","userId":"68da1eb06620cfffa512676f","action":"LOGOUT","message":"User logged out: user@gmail.com","email":"user@gmail.com"}
{"timestamp":"2025-09-29 09:41:52.000","level":"INFO","userId":"68d507dabb4db6f059c0e867","action":"LOGIN","message":"User logged in: admin@gmail.com","email":"admin@gmail.com","ip":"::1"}
{"timestamp":"2025-09-29 10:12:28.000","level":"INFO","userId":"68d507dabb4db6f059c0e867","action":"LOGIN","message":"User logged in: admin@gmail.com","email":"admin@gmail.com","ip":"::1"}
{"timestamp":"2025-09-29 17:30:34.000","level":"INFO","userId":"68c3fd666c27167f971a3599","action":"LOGIN","message":"User logged in: admin@gmail.com","email":"admin@gmail.com","ip":"::1"}
{"timestamp":"2025-09-29 17:37:55.000","level":"INFO","userId":"68c3fd666c27167f971a3599","action":"LOGOUT","message":"User logged out: admin@gmail.com","email":"admin@gmail.com"}
{"timestamp":"2025-09-29 17:38:08.000","level":"INFO","userId":"68c3fd666c27167f971a3599","action":"LOGIN","message":"User logged in: admin@gmail.com","email":"admin@gmail.com","ip":"::1"}
{"timestamp":"2025-09-29 17:39:16.000","level":"INFO","userId":"68c3fd666c27167f971a3599","action":"LOGOUT","message":"User logged out: admin@gmail.com","email":"admin@gmail.com"}
{"timestamp":"2025-09-29 21:09:20.000","level":"INFO","userId":"68c3fd666c27167f971a3599","action":"LOGIN","message":"User logged in: admin@gmail.com","email":"admin@gmail.com","ip":"::1"}
{"timestamp":"2025-09-29 21:09:29.000","level":"INFO","userId":"68c3fd666c27167f971a3599","action":"LOGIN","message":"User logged in: admin@gmail.com","email":"admin@gmail.com","ip":"::1"}
{"timestamp":"2025-09-29 21:09:32.000","level":"INFO","userId":"68c3fd666c27167f971a3599","action":"LOGOUT","message":"User logged out: admin@gmail.com","email":"admin@gmail.com"}
{"timestamp":"2025-09-29 21:09:38.000","level":"INFO","userId":"68d858c96050653778bfa590","action":"LOGIN","message":"User logged in: busniess@gmail.com","email":"busniess@gmail.com","ip":"::1"}
